[GIN-debug] [WARNING] Creating an Engine instance with the Logger and Recovery middleware already attached.

[GIN-debug] [WARNING] Running in "debug" mode. Switch to "release" mode in production.
 - using env:	export GIN_MODE=release
 - using code:	gin.SetMode(gin.ReleaseMode)

[GIN-debug] Loaded HTML Templates (13): 
	- ipgroup.html
	- job.html
	- body-base.html
	- body-base
	- body-menu.html
	- head.html
	- body-menu
	- head
	- ipstatus.html
	- 
	- agent.html
	- body-end.html
	- body-end

[GIN-debug] GET    /static/*filepath         --> github.com/gin-gonic/gin.(*RouterGroup).createStaticHandler.func1 (3 handlers)
[GIN-debug] HEAD   /static/*filepath         --> github.com/gin-gonic/gin.(*RouterGroup).createStaticHandler.func1 (3 handlers)
[GIN-debug] GET    /                         --> main.main.func1 (3 handlers)
[GIN-debug] GET    /job                      --> main.main.func2 (3 handlers)
[GIN-debug] GET    /ip/group                 --> main.main.func3 (3 handlers)
[GIN-debug] GET    /ip/status                --> main.main.func4 (3 handlers)
[GIN-debug] GET    /test                     --> main.main.func5 (3 handlers)
[GIN-debug] GET    /v1/ping                  --> main.Ping (3 handlers)
[GIN-debug] GET    /v1/agent                 --> main.AgentList (3 handlers)
[GIN-debug] GET    /v1/agent/:agentName      --> main.AgentOnline (3 handlers)
[GIN-debug] GET    /v1/agent/:agentName/status --> main.AgentAllIPStatus (3 handlers)
[GIN-debug] GET    /v1/agent/:agentName/err/ip --> main.AgentErrIPList (3 handlers)
[GIN-debug] GET    /v1/agent/:agentName/ip/:ip/lastms --> main.AgentIPLastMs (3 handlers)
[GIN-debug] GET    /v1/agent/:agentName/job  --> main.AgentJobList (3 handlers)
[GIN-debug] POST   /v1/agent/:agentName/job/:jobName --> main.AgentJobAdd (3 handlers)
[GIN-debug] DELETE /v1/agent/:agentName/job/:jobName --> main.AgentJobDel (3 handlers)
[GIN-debug] GET    /v1/job                   --> main.JobList (3 handlers)
[GIN-debug] POST   /v1/job                   --> main.JobAdd (3 handlers)
[GIN-debug] DELETE /v1/job                   --> main.JobDel (3 handlers)
[GIN-debug] GET    /v1/job/:jobName          --> main.JobInfo (3 handlers)
[GIN-debug] GET    /v1/ip/status             --> main.IPStatusInfo (3 handlers)
[GIN-debug] GET    /v1/ip/group              --> main.IPGroupList (3 handlers)
[GIN-debug] PUT    /v1/ip/group              --> main.IPGroupAddIP (3 handlers)
[GIN-debug] DELETE /v1/ip/group              --> main.IPGroupDelIP (3 handlers)
[GIN-debug] DELETE /v1/ip/group/:groupName   --> main.IPGroupDelete (3 handlers)
[GIN-debug] GET    /v1/ip/group/:groupName   --> main.IPGroupInfo (3 handlers)
[GIN-debug] GET    /swagger/*any             --> github.com/swaggo/gin-swagger.CustomWrapHandler.func1 (3 handlers)
[GIN-debug] Listening and serving HTTP on 0.0.0.0:8445
